[0.649s] Invoking command in '/home/tasneem/gui_ws/src/gui_pkg': PYTHONPATH=/home/tasneem/gui_ws/build/gui_pkg/prefix_override:/usr/lib/python3/dist-packages/colcon_core/task/python/colcon_distutils_commands:/home/tasneem/gui_ws/install/gui_pkg/lib/python3.10/site-packages:${PYTHONPATH} /usr/bin/python3 -W ignore:setup.py install is deprecated -W ignore:easy_install command is deprecated setup.py egg_info --egg-base ../../build/gui_pkg build --build-base /home/tasneem/gui_ws/build/gui_pkg/build install --record /home/tasneem/gui_ws/build/gui_pkg/install.log --single-version-externally-managed install_data
[0.883s] running egg_info
[0.884s] creating ../../build/gui_pkg/gui_pkg.egg-info
[0.884s] writing ../../build/gui_pkg/gui_pkg.egg-info/PKG-INFO
[0.884s] writing dependency_links to ../../build/gui_pkg/gui_pkg.egg-info/dependency_links.txt
[0.884s] writing entry points to ../../build/gui_pkg/gui_pkg.egg-info/entry_points.txt
[0.884s] writing requirements to ../../build/gui_pkg/gui_pkg.egg-info/requires.txt
[0.884s] writing top-level names to ../../build/gui_pkg/gui_pkg.egg-info/top_level.txt
[0.884s] writing manifest file '../../build/gui_pkg/gui_pkg.egg-info/SOURCES.txt'
[0.886s] reading manifest file '../../build/gui_pkg/gui_pkg.egg-info/SOURCES.txt'
[0.887s] writing manifest file '../../build/gui_pkg/gui_pkg.egg-info/SOURCES.txt'
[0.887s] running build
[0.887s] running build_py
[0.887s] creating /home/tasneem/gui_ws/build/gui_pkg/build
[0.887s] creating /home/tasneem/gui_ws/build/gui_pkg/build/lib
[0.887s] creating /home/tasneem/gui_ws/build/gui_pkg/build/lib/gui_pkg
[0.887s] copying gui_pkg/__init__.py -> /home/tasneem/gui_ws/build/gui_pkg/build/lib/gui_pkg
[0.887s] running install
[0.887s] running install_lib
[0.888s] creating /home/tasneem/gui_ws/install/gui_pkg/lib/python3.10/site-packages/gui_pkg
[0.888s] copying /home/tasneem/gui_ws/build/gui_pkg/build/lib/gui_pkg/__init__.py -> /home/tasneem/gui_ws/install/gui_pkg/lib/python3.10/site-packages/gui_pkg
[0.888s] byte-compiling /home/tasneem/gui_ws/install/gui_pkg/lib/python3.10/site-packages/gui_pkg/__init__.py to __init__.cpython-310.pyc
[0.888s] running install_data
[0.888s] creating /home/tasneem/gui_ws/install/gui_pkg/share/ament_index
[0.888s] creating /home/tasneem/gui_ws/install/gui_pkg/share/ament_index/resource_index
[0.889s] creating /home/tasneem/gui_ws/install/gui_pkg/share/ament_index/resource_index/packages
[0.889s] copying resource/gui_pkg -> /home/tasneem/gui_ws/install/gui_pkg/share/ament_index/resource_index/packages
[0.889s] copying package.xml -> /home/tasneem/gui_ws/install/gui_pkg/share/gui_pkg
[0.889s] running install_egg_info
[0.890s] Copying ../../build/gui_pkg/gui_pkg.egg-info to /home/tasneem/gui_ws/install/gui_pkg/lib/python3.10/site-packages/gui_pkg-0.0.0-py3.10.egg-info
[0.891s] running install_scripts
[0.908s] writing list of installed files to '/home/tasneem/gui_ws/build/gui_pkg/install.log'
[0.930s] Invoked command in '/home/tasneem/gui_ws/src/gui_pkg' returned '0': PYTHONPATH=/home/tasneem/gui_ws/build/gui_pkg/prefix_override:/usr/lib/python3/dist-packages/colcon_core/task/python/colcon_distutils_commands:/home/tasneem/gui_ws/install/gui_pkg/lib/python3.10/site-packages:${PYTHONPATH} /usr/bin/python3 -W ignore:setup.py install is deprecated -W ignore:easy_install command is deprecated setup.py egg_info --egg-base ../../build/gui_pkg build --build-base /home/tasneem/gui_ws/build/gui_pkg/build install --record /home/tasneem/gui_ws/build/gui_pkg/install.log --single-version-externally-managed install_data
