running egg_info
writing ../../build/gui_pkg/gui_pkg.egg-info/PKG-INFO
writing dependency_links to ../../build/gui_pkg/gui_pkg.egg-info/dependency_links.txt
writing entry points to ../../build/gui_pkg/gui_pkg.egg-info/entry_points.txt
writing requirements to ../../build/gui_pkg/gui_pkg.egg-info/requires.txt
writing top-level names to ../../build/gui_pkg/gui_pkg.egg-info/top_level.txt
reading manifest file '../../build/gui_pkg/gui_pkg.egg-info/SOURCES.txt'
writing manifest file '../../build/gui_pkg/gui_pkg.egg-info/SOURCES.txt'
running build
running build_py
copying gui_pkg/main_window.py -> /home/tasneem/gui_ws/build/gui_pkg/build/lib/gui_pkg
copying gui_pkg/sensors_pub.py -> /home/tasneem/gui_ws/build/gui_pkg/build/lib/gui_pkg
running install
running install_lib
copying /home/tasneem/gui_ws/build/gui_pkg/build/lib/gui_pkg/main_window.py -> /home/tasneem/gui_ws/install/gui_pkg/lib/python3.10/site-packages/gui_pkg
copying /home/tasneem/gui_ws/build/gui_pkg/build/lib/gui_pkg/sensors_pub.py -> /home/tasneem/gui_ws/install/gui_pkg/lib/python3.10/site-packages/gui_pkg
byte-compiling /home/tasneem/gui_ws/install/gui_pkg/lib/python3.10/site-packages/gui_pkg/main_window.py to main_window.cpython-310.pyc
byte-compiling /home/tasneem/gui_ws/install/gui_pkg/lib/python3.10/site-packages/gui_pkg/sensors_pub.py to sensors_pub.cpython-310.pyc
running install_data
running install_egg_info
removing '/home/tasneem/gui_ws/install/gui_pkg/lib/python3.10/site-packages/gui_pkg-0.0.0-py3.10.egg-info' (and everything under it)
Copying ../../build/gui_pkg/gui_pkg.egg-info to /home/tasneem/gui_ws/install/gui_pkg/lib/python3.10/site-packages/gui_pkg-0.0.0-py3.10.egg-info
running install_scripts
Installing main script to /home/tasneem/gui_ws/install/gui_pkg/lib/gui_pkg
Installing sensors script to /home/tasneem/gui_ws/install/gui_pkg/lib/gui_pkg
writing list of installed files to '/home/tasneem/gui_ws/build/gui_pkg/install.log'
