[0.650s] Invoking command in '/home/tasneem/gui_ws/src/gui_pkg': PYTHONPATH=/home/tasneem/gui_ws/build/gui_pkg/prefix_override:/usr/lib/python3/dist-packages/colcon_core/task/python/colcon_distutils_commands:/home/tasneem/gui_ws/install/gui_pkg/lib/python3.10/site-packages:${PYTHONPATH} /usr/bin/python3 -W ignore:setup.py install is deprecated -W ignore:easy_install command is deprecated setup.py egg_info --egg-base ../../build/gui_pkg build --build-base /home/tasneem/gui_ws/build/gui_pkg/build install --record /home/tasneem/gui_ws/build/gui_pkg/install.log --single-version-externally-managed install_data
[0.886s] running egg_info
[0.886s] writing ../../build/gui_pkg/gui_pkg.egg-info/PKG-INFO
[0.886s] writing dependency_links to ../../build/gui_pkg/gui_pkg.egg-info/dependency_links.txt
[0.887s] writing entry points to ../../build/gui_pkg/gui_pkg.egg-info/entry_points.txt
[0.887s] writing requirements to ../../build/gui_pkg/gui_pkg.egg-info/requires.txt
[0.887s] writing top-level names to ../../build/gui_pkg/gui_pkg.egg-info/top_level.txt
[0.888s] reading manifest file '../../build/gui_pkg/gui_pkg.egg-info/SOURCES.txt'
[0.889s] writing manifest file '../../build/gui_pkg/gui_pkg.egg-info/SOURCES.txt'
[0.889s] running build
[0.889s] running build_py
[0.889s] copying gui_pkg/main_window.py -> /home/tasneem/gui_ws/build/gui_pkg/build/lib/gui_pkg
[0.889s] copying gui_pkg/sensors_pub.py -> /home/tasneem/gui_ws/build/gui_pkg/build/lib/gui_pkg
[0.890s] running install
[0.890s] running install_lib
[0.890s] copying /home/tasneem/gui_ws/build/gui_pkg/build/lib/gui_pkg/main_window.py -> /home/tasneem/gui_ws/install/gui_pkg/lib/python3.10/site-packages/gui_pkg
[0.890s] copying /home/tasneem/gui_ws/build/gui_pkg/build/lib/gui_pkg/sensors_pub.py -> /home/tasneem/gui_ws/install/gui_pkg/lib/python3.10/site-packages/gui_pkg
[0.891s] byte-compiling /home/tasneem/gui_ws/install/gui_pkg/lib/python3.10/site-packages/gui_pkg/main_window.py to main_window.cpython-310.pyc
[0.891s] byte-compiling /home/tasneem/gui_ws/install/gui_pkg/lib/python3.10/site-packages/gui_pkg/sensors_pub.py to sensors_pub.cpython-310.pyc
[0.891s] running install_data
[0.892s] running install_egg_info
[0.893s] removing '/home/tasneem/gui_ws/install/gui_pkg/lib/python3.10/site-packages/gui_pkg-0.0.0-py3.10.egg-info' (and everything under it)
[0.893s] Copying ../../build/gui_pkg/gui_pkg.egg-info to /home/tasneem/gui_ws/install/gui_pkg/lib/python3.10/site-packages/gui_pkg-0.0.0-py3.10.egg-info
[0.894s] running install_scripts
[0.912s] Installing main script to /home/tasneem/gui_ws/install/gui_pkg/lib/gui_pkg
[0.912s] Installing sensors script to /home/tasneem/gui_ws/install/gui_pkg/lib/gui_pkg
[0.912s] writing list of installed files to '/home/tasneem/gui_ws/build/gui_pkg/install.log'
[0.934s] Invoked command in '/home/tasneem/gui_ws/src/gui_pkg' returned '0': PYTHONPATH=/home/tasneem/gui_ws/build/gui_pkg/prefix_override:/usr/lib/python3/dist-packages/colcon_core/task/python/colcon_distutils_commands:/home/tasneem/gui_ws/install/gui_pkg/lib/python3.10/site-packages:${PYTHONPATH} /usr/bin/python3 -W ignore:setup.py install is deprecated -W ignore:easy_install command is deprecated setup.py egg_info --egg-base ../../build/gui_pkg build --build-base /home/tasneem/gui_ws/build/gui_pkg/build install --record /home/tasneem/gui_ws/build/gui_pkg/install.log --single-version-externally-managed install_data
